Traceback (most recent call last):
  File "C:\Users\PC\miniconda3\envs\jb_lending\Lib\site-packages\jupyter_cache\executors\utils.py", line 58, in single_nb_execution
    executenb(
  File "C:\Users\PC\miniconda3\envs\jb_lending\Lib\site-packages\nbclient\client.py", line 1305, in execute
    return NotebookClient(nb=nb, resources=resources, km=km, **kwargs).execute()
           ^^^^^^^^^^^^^^^^^^^^^^^^^^^^^^^^^^^^^^^^^^^^^^^^^^^^^^^^^^^^^^^^^^^^^
  File "C:\Users\PC\miniconda3\envs\jb_lending\Lib\site-packages\jupyter_core\utils\__init__.py", line 165, in wrapped
    return loop.run_until_complete(inner)
           ^^^^^^^^^^^^^^^^^^^^^^^^^^^^^^
  File "C:\Users\PC\miniconda3\envs\jb_lending\Lib\asyncio\base_events.py", line 654, in run_until_complete
    return future.result()
           ^^^^^^^^^^^^^^^
  File "C:\Users\PC\miniconda3\envs\jb_lending\Lib\site-packages\nbclient\client.py", line 705, in async_execute
    await self.async_execute_cell(
  File "C:\Users\PC\miniconda3\envs\jb_lending\Lib\site-packages\nbclient\client.py", line 1058, in async_execute_cell
    await self._check_raise_for_error(cell, cell_index, exec_reply)
  File "C:\Users\PC\miniconda3\envs\jb_lending\Lib\site-packages\nbclient\client.py", line 914, in _check_raise_for_error
    raise CellExecutionError.from_cell_and_msg(cell, exec_reply_content)
nbclient.exceptions.CellExecutionError: An error occurred while executing the following cell:
------------------
from pyspark.sql.functions import col

DATA_PATH = "../data/accepted_2007_to_2018Q4.csv"  

df_raw = (
    spark.read
    .option("header", "true")
    .option("inferSchema", "true")
    .option("multiLine", "true")
    .option("quote", '"')
    .option("escape", '"')
    .csv(DATA_PATH)
)

print("Filas:", df_raw.count())
print("Columnas:", len(df_raw.columns))
df_raw.select("loan_status").groupBy("loan_status").count().orderBy(col("count").desc()).show(10, truncate=False)
------------------


[31m---------------------------------------------------------------------------[39m
[31mAnalysisException[39m                         Traceback (most recent call last)
[36mCell[39m[36m [39m[32mIn[3][39m[32m, line 12[39m
[32m      1[39m [38;5;28;01mfrom[39;00m[38;5;250m [39m[34;01mpyspark[39;00m[34;01m.[39;00m[34;01msql[39;00m[34;01m.[39;00m[34;01mfunctions[39;00m[38;5;250m [39m[38;5;28;01mimport[39;00m col
[32m      3[39m DATA_PATH = [33m"[39m[33m../data/accepted_2007_to_2018Q4.csv[39m[33m"[39m  
[32m      5[39m df_raw = (
[32m      6[39m     [43mspark[49m[43m.[49m[43mread[49m
[32m      7[39m [43m    [49m[43m.[49m[43moption[49m[43m([49m[33;43m"[39;49m[33;43mheader[39;49m[33;43m"[39;49m[43m,[49m[43m [49m[33;43m"[39;49m[33;43mtrue[39;49m[33;43m"[39;49m[43m)[49m
[32m      8[39m [43m    [49m[43m.[49m[43moption[49m[43m([49m[33;43m"[39;49m[33;43minferSchema[39;49m[33;43m"[39;49m[43m,[49m[43m [49m[33;43m"[39;49m[33;43mtrue[39;49m[33;43m"[39;49m[43m)[49m
[32m      9[39m [43m    [49m[43m.[49m[43moption[49m[43m([49m[33;43m"[39;49m[33;43mmultiLine[39;49m[33;43m"[39;49m[43m,[49m[43m [49m[33;43m"[39;49m[33;43mtrue[39;49m[33;43m"[39;49m[43m)[49m
[32m     10[39m [43m    [49m[43m.[49m[43moption[49m[43m([49m[33;43m"[39;49m[33;43mquote[39;49m[33;43m"[39;49m[43m,[49m[43m [49m[33;43m'[39;49m[33;43m"[39;49m[33;43m'[39;49m[43m)[49m
[32m     11[39m [43m    [49m[43m.[49m[43moption[49m[43m([49m[33;43m"[39;49m[33;43mescape[39;49m[33;43m"[39;49m[43m,[49m[43m [49m[33;43m'[39;49m[33;43m"[39;49m[33;43m'[39;49m[43m)[49m
[32m---> [39m[32m12[39m [43m    [49m[43m.[49m[43mcsv[49m[43m([49m[43mDATA_PATH[49m[43m)[49m
[32m     13[39m )
[32m     15[39m [38;5;28mprint[39m([33m"[39m[33mFilas:[39m[33m"[39m, df_raw.count())
[32m     16[39m [38;5;28mprint[39m([33m"[39m[33mColumnas:[39m[33m"[39m, [38;5;28mlen[39m(df_raw.columns))

[36mFile [39m[32m~\miniconda3\envs\jb_lending\Lib\site-packages\pyspark\sql\readwriter.py:838[39m, in [36mDataFrameReader.csv[39m[34m(self, path, schema, sep, encoding, quote, escape, comment, header, inferSchema, ignoreLeadingWhiteSpace, ignoreTrailingWhiteSpace, nullValue, nanValue, positiveInf, negativeInf, dateFormat, timestampFormat, maxColumns, maxCharsPerColumn, maxMalformedLogPerPartition, mode, columnNameOfCorruptRecord, multiLine, charToEscapeQuoteEscaping, samplingRatio, enforceSchema, emptyValue, locale, lineSep, pathGlobFilter, recursiveFileLookup, modifiedBefore, modifiedAfter, unescapedQuoteHandling)[39m
[32m    836[39m [38;5;28;01mif[39;00m [38;5;28mtype[39m(path) == [38;5;28mlist[39m:
[32m    837[39m     [38;5;28;01massert[39;00m [38;5;28mself[39m._spark._sc._jvm [38;5;129;01mis[39;00m [38;5;129;01mnot[39;00m [38;5;28;01mNone[39;00m
[32m--> [39m[32m838[39m     [38;5;28;01mreturn[39;00m [38;5;28mself[39m._df([38;5;28;43mself[39;49m[43m.[49m[43m_jreader[49m[43m.[49m[43mcsv[49m[43m([49m[38;5;28;43mself[39;49m[43m.[49m[43m_spark[49m[43m.[49m[43m_sc[49m[43m.[49m[43m_jvm[49m[43m.[49m[43mPythonUtils[49m[43m.[49m[43mtoSeq[49m[43m([49m[43mpath[49m[43m)[49m[43m)[49m)
[32m    840[39m [38;5;28;01mif[39;00m [38;5;129;01mnot[39;00m is_remote_only():
[32m    841[39m     [38;5;28;01mfrom[39;00m[38;5;250m [39m[34;01mpyspark[39;00m[34;01m.[39;00m[34;01mcore[39;00m[34;01m.[39;00m[34;01mrdd[39;00m[38;5;250m [39m[38;5;28;01mimport[39;00m RDD  [38;5;66;03m# noqa: F401[39;00m

[36mFile [39m[32m~\miniconda3\envs\jb_lending\Lib\site-packages\py4j\java_gateway.py:1362[39m, in [36mJavaMember.__call__[39m[34m(self, *args)[39m
[32m   1356[39m command = proto.CALL_COMMAND_NAME +\
[32m   1357[39m     [38;5;28mself[39m.command_header +\
[32m   1358[39m     args_command +\
[32m   1359[39m     proto.END_COMMAND_PART
[32m   1361[39m answer = [38;5;28mself[39m.gateway_client.send_command(command)
[32m-> [39m[32m1362[39m return_value = [43mget_return_value[49m[43m([49m
[32m   1363[39m [43m    [49m[43manswer[49m[43m,[49m[43m [49m[38;5;28;43mself[39;49m[43m.[49m[43mgateway_client[49m[43m,[49m[43m [49m[38;5;28;43mself[39;49m[43m.[49m[43mtarget_id[49m[43m,[49m[43m [49m[38;5;28;43mself[39;49m[43m.[49m[43mname[49m[43m)[49m
[32m   1365[39m [38;5;28;01mfor[39;00m temp_arg [38;5;129;01min[39;00m temp_args:
[32m   1366[39m     [38;5;28;01mif[39;00m [38;5;28mhasattr[39m(temp_arg, [33m"[39m[33m_detach[39m[33m"[39m):

[36mFile [39m[32m~\miniconda3\envs\jb_lending\Lib\site-packages\pyspark\errors\exceptions\captured.py:269[39m, in [36mcapture_sql_exception.<locals>.deco[39m[34m(*a, **kw)[39m
[32m    265[39m converted = convert_exception(e.java_exception)
[32m    266[39m [38;5;28;01mif[39;00m [38;5;129;01mnot[39;00m [38;5;28misinstance[39m(converted, UnknownException):
[32m    267[39m     [38;5;66;03m# Hide where the exception came from that shows a non-Pythonic[39;00m
[32m    268[39m     [38;5;66;03m# JVM exception message.[39;00m
[32m--> [39m[32m269[39m     [38;5;28;01mraise[39;00m converted [38;5;28;01mfrom[39;00m[38;5;250m [39m[38;5;28;01mNone[39;00m
[32m    270[39m [38;5;28;01melse[39;00m:
[32m    271[39m     [38;5;28;01mraise[39;00m

[31mAnalysisException[39m: [PATH_NOT_FOUND] Path does not exist: file:/C:/Users/PC/Desktop/Machine learning/Mini proyecto 1/data/accepted_2007_to_2018Q4.csv. SQLSTATE: 42K03

