Traceback (most recent call last):
  File "C:\Users\PC\miniconda3\envs\jb_lending\Lib\site-packages\jupyter_cache\executors\utils.py", line 58, in single_nb_execution
    executenb(
  File "C:\Users\PC\miniconda3\envs\jb_lending\Lib\site-packages\nbclient\client.py", line 1305, in execute
    return NotebookClient(nb=nb, resources=resources, km=km, **kwargs).execute()
           ^^^^^^^^^^^^^^^^^^^^^^^^^^^^^^^^^^^^^^^^^^^^^^^^^^^^^^^^^^^^^^^^^^^^^
  File "C:\Users\PC\miniconda3\envs\jb_lending\Lib\site-packages\jupyter_core\utils\__init__.py", line 165, in wrapped
    return loop.run_until_complete(inner)
           ^^^^^^^^^^^^^^^^^^^^^^^^^^^^^^
  File "C:\Users\PC\miniconda3\envs\jb_lending\Lib\asyncio\base_events.py", line 654, in run_until_complete
    return future.result()
           ^^^^^^^^^^^^^^^
  File "C:\Users\PC\miniconda3\envs\jb_lending\Lib\site-packages\nbclient\client.py", line 705, in async_execute
    await self.async_execute_cell(
  File "C:\Users\PC\miniconda3\envs\jb_lending\Lib\site-packages\nbclient\client.py", line 1058, in async_execute_cell
    await self._check_raise_for_error(cell, cell_index, exec_reply)
  File "C:\Users\PC\miniconda3\envs\jb_lending\Lib\site-packages\nbclient\client.py", line 914, in _check_raise_for_error
    raise CellExecutionError.from_cell_and_msg(cell, exec_reply_content)
nbclient.exceptions.CellExecutionError: An error occurred while executing the following cell:
------------------
import joblib
import os

# Ajusta ruta si es necesario
model = joblib.load("models/rf_model.pkl")

print("Modelo cargado correctamente")
print(type(model))
------------------


[31m---------------------------------------------------------------------------[39m
[31mFileNotFoundError[39m                         Traceback (most recent call last)
[36mCell[39m[36m [39m[32mIn[1][39m[32m, line 5[39m
[32m      2[39m [38;5;28;01mimport[39;00m[38;5;250m [39m[34;01mos[39;00m
[32m      4[39m [38;5;66;03m# Ajusta ruta si es necesario[39;00m
[32m----> [39m[32m5[39m model = [43mjoblib[49m[43m.[49m[43mload[49m[43m([49m[33;43m"[39;49m[33;43mmodels/rf_model.pkl[39;49m[33;43m"[39;49m[43m)[49m
[32m      7[39m [38;5;28mprint[39m([33m"[39m[33mModelo cargado correctamente[39m[33m"[39m)
[32m      8[39m [38;5;28mprint[39m([38;5;28mtype[39m(model))

[36mFile [39m[32m~\miniconda3\envs\jb_lending\Lib\site-packages\joblib\numpy_pickle.py:735[39m, in [36mload[39m[34m(filename, mmap_mode, ensure_native_byte_order)[39m
[32m    733[39m         obj = _unpickle(fobj, ensure_native_byte_order=ensure_native_byte_order)
[32m    734[39m [38;5;28;01melse[39;00m:
[32m--> [39m[32m735[39m     [38;5;28;01mwith[39;00m [38;5;28;43mopen[39;49m[43m([49m[43mfilename[49m[43m,[49m[43m [49m[33;43m"[39;49m[33;43mrb[39;49m[33;43m"[39;49m[43m)[49m [38;5;28;01mas[39;00m f:
[32m    736[39m         [38;5;28;01mwith[39;00m _validate_fileobject_and_memmap(f, filename, mmap_mode) [38;5;28;01mas[39;00m (
[32m    737[39m             fobj,
[32m    738[39m             validated_mmap_mode,
[32m    739[39m         ):
[32m    740[39m             [38;5;28;01mif[39;00m [38;5;28misinstance[39m(fobj, [38;5;28mstr[39m):
[32m    741[39m                 [38;5;66;03m# if the returned file object is a string, this means we[39;00m
[32m    742[39m                 [38;5;66;03m# try to load a pickle file generated with an version of[39;00m
[32m    743[39m                 [38;5;66;03m# Joblib so we load it with joblib compatibility function.[39;00m

[31mFileNotFoundError[39m: [Errno 2] No such file or directory: 'models/rf_model.pkl'

